🚀 Training for 50 epochs | Device: cuda
📊 Class Range: 0-49 | Data Ratio: 1.00
🔧 LoRA Rank: 0 | Learning Rate: 0.0001

📦 Train: 21250 | Val: 3750

🛠️ Explicitly received params: {'num_classes': 100, 'drop_path_rate': 0.1}
🔓 Full fine-tuning: All parameters trainable
📥 Loading pretrained weights from timm...
✅ Loaded 150/152 weights from timm
⚠️  Missing keys (2):
    - head.weight
    - head.bias
📊 Total params: 5,543,716 | Trainable: 5,543,716 (100.00%)

============================================================
Epoch [1/50]
============================================================
Train Loss: 1.8970 | Train Acc: 55.46%
Val Loss:   0.8279 | Val Acc:   0.77%
✅ Best model saved: checkpoints/oracle/best_0_49.pth | Val Acc: 0.77%

============================================================
Epoch [2/50]
============================================================
Train Loss: 0.7897 | Train Acc: 77.97%
Val Loss:   0.6104 | Val Acc:   0.81%
✅ Best model saved: checkpoints/oracle/best_0_49.pth | Val Acc: 0.81%

============================================================
Epoch [3/50]
============================================================
Train Loss: 0.5852 | Train Acc: 82.73%
Val Loss:   0.5494 | Val Acc:   0.83%
✅ Best model saved: checkpoints/oracle/best_0_49.pth | Val Acc: 0.83%

============================================================
Epoch [4/50]
============================================================
Train Loss: 0.4920 | Train Acc: 85.07%
Val Loss:   0.5397 | Val Acc:   0.84%
✅ Best model saved: checkpoints/oracle/best_0_49.pth | Val Acc: 0.84%

============================================================
Epoch [5/50]
============================================================
Train Loss: 0.4230 | Train Acc: 86.83%
Val Loss:   0.4933 | Val Acc:   0.85%
✅ Best model saved: checkpoints/oracle/best_0_49.pth | Val Acc: 0.85%

============================================================
Epoch [6/50]
============================================================
Train Loss: 0.3708 | Train Acc: 88.72%
Val Loss:   0.5031 | Val Acc:   0.86%
✅ Best model saved: checkpoints/oracle/best_0_49.pth | Val Acc: 0.86%

============================================================
Epoch [7/50]
============================================================
Train Loss: 0.3186 | Train Acc: 90.00%
Val Loss:   0.5467 | Val Acc:   0.84%

============================================================
Epoch [8/50]
============================================================
Train Loss: 0.3178 | Train Acc: 90.22%
Val Loss:   0.4795 | Val Acc:   0.86%
✅ Best model saved: checkpoints/oracle/best_0_49.pth | Val Acc: 0.86%

============================================================
Epoch [9/50]
============================================================
Train Loss: 0.2397 | Train Acc: 92.25%
Val Loss:   0.4932 | Val Acc:   0.86%

============================================================
Epoch [10/50]
============================================================
Train Loss: 0.2212 | Train Acc: 92.81%
Val Loss:   0.4666 | Val Acc:   0.87%
✅ Best model saved: checkpoints/oracle/best_0_49.pth | Val Acc: 0.87%

============================================================
Epoch [11/50]
============================================================
Train Loss: 0.1981 | Train Acc: 93.74%
Val Loss:   0.4908 | Val Acc:   0.86%

============================================================
Epoch [12/50]
============================================================
