🚀 Training for 50 epochs | Device: cuda

📦 Train: 21250 | Val: 3750

🛠️ Explicitly received params: {'num_classes': 100, 'drop_path_rate': 0.1}
🔓 Full fine-tuning: All parameters trainable
📥 Loading pretrained weights from timm...
✅ Loaded 150/152 weights from timm
⚠️  Missing keys (2):
    - head.weight
    - head.bias
📊 Total params: 5,543,716 | Trainable: 5,543,716 (100.00%)

============================================================
Epoch [1/50]
============================================================
Train Loss: 1.8726 | Train Acc: 56.66%
Val Loss:   0.9608 | Val Acc:   0.73%
✅ Best model saved! Val Acc: 0.73%

============================================================
Epoch [2/50]
============================================================
Train Loss: 0.7923 | Train Acc: 77.44%
Val Loss:   0.6225 | Val Acc:   0.81%
✅ Best model saved! Val Acc: 0.81%

============================================================
Epoch [3/50]
============================================================
Train Loss: 0.5901 | Train Acc: 82.25%
Val Loss:   0.5834 | Val Acc:   0.82%
✅ Best model saved! Val Acc: 0.82%

============================================================
Epoch [4/50]
============================================================
Train Loss: 0.4743 | Train Acc: 85.82%
Val Loss:   0.5489 | Val Acc:   0.83%
✅ Best model saved! Val Acc: 0.83%

============================================================
Epoch [5/50]
============================================================
Train Loss: 0.4107 | Train Acc: 87.40%
Val Loss:   0.4935 | Val Acc:   0.85%
✅ Best model saved! Val Acc: 0.85%

============================================================
Epoch [6/50]
============================================================
Train Loss: 0.3440 | Train Acc: 89.22%
Val Loss:   0.4932 | Val Acc:   0.85%
✅ Best model saved! Val Acc: 0.85%

============================================================
Epoch [7/50]
============================================================
Train Loss: 0.3170 | Train Acc: 89.98%
Val Loss:   0.5265 | Val Acc:   0.85%

============================================================
Epoch [8/50]
============================================================
Train Loss: 0.2917 | Train Acc: 90.72%
Val Loss:   0.5005 | Val Acc:   0.85%
✅ Best model saved! Val Acc: 0.85%

============================================================
Epoch [9/50]
============================================================
Train Loss: 0.2437 | Train Acc: 92.14%
Val Loss:   0.4866 | Val Acc:   0.86%
✅ Best model saved! Val Acc: 0.86%

============================================================
Epoch [10/50]
============================================================
Train Loss: 0.2127 | Train Acc: 93.28%
Val Loss:   0.4638 | Val Acc:   0.87%
✅ Best model saved! Val Acc: 0.87%

============================================================
Epoch [11/50]
============================================================
Train Loss: 0.2056 | Train Acc: 93.44%
Val Loss:   0.4873 | Val Acc:   0.86%

============================================================
Epoch [12/50]
============================================================
Train Loss: 0.1768 | Train Acc: 94.40%
Val Loss:   0.5151 | Val Acc:   0.86%

============================================================
Epoch [13/50]
============================================================
Train Loss: 0.1768 | Train Acc: 94.43%
Val Loss:   0.5052 | Val Acc:   0.86%

============================================================
Epoch [14/50]
============================================================
Train Loss: 0.1445 | Train Acc: 95.32%
Val Loss:   0.4959 | Val Acc:   0.87%
✅ Best model saved! Val Acc: 0.87%

============================================================
Epoch [15/50]
============================================================
Train Loss: 0.1276 | Train Acc: 95.94%
Val Loss:   0.5096 | Val Acc:   0.86%

============================================================
Epoch [16/50]
============================================================
Train Loss: 0.1207 | Train Acc: 96.07%
Val Loss:   0.4834 | Val Acc:   0.87%
✅ Best model saved! Val Acc: 0.87%

============================================================
Epoch [17/50]
============================================================
Train Loss: 0.1151 | Train Acc: 96.40%
Val Loss:   0.5191 | Val Acc:   0.87%

============================================================
Epoch [18/50]
============================================================
Train Loss: 0.1031 | Train Acc: 96.73%
Val Loss:   0.5487 | Val Acc:   0.86%

============================================================
Epoch [19/50]
============================================================
Train Loss: 0.0972 | Train Acc: 96.85%
Val Loss:   0.4770 | Val Acc:   0.87%

============================================================
Epoch [20/50]
============================================================
Train Loss: 0.0929 | Train Acc: 97.06%
Val Loss:   0.5485 | Val Acc:   0.87%

============================================================
Epoch [21/50]
============================================================
Train Loss: 0.0792 | Train Acc: 97.45%
Val Loss:   0.5218 | Val Acc:   0.87%

============================================================
Epoch [22/50]
============================================================
Train Loss: 0.0782 | Train Acc: 97.47%
Val Loss:   0.5272 | Val Acc:   0.87%

============================================================
Epoch [23/50]
============================================================
Train Loss: 0.0706 | Train Acc: 97.88%
Val Loss:   0.5290 | Val Acc:   0.88%
✅ Best model saved! Val Acc: 0.88%

============================================================
Epoch [24/50]
============================================================
Train Loss: 0.0630 | Train Acc: 97.97%
Val Loss:   0.5128 | Val Acc:   0.87%

============================================================
Epoch [25/50]
============================================================
Train Loss: 0.0672 | Train Acc: 98.03%
Val Loss:   0.5123 | Val Acc:   0.87%

============================================================
Epoch [26/50]
============================================================
Train Loss: 0.0680 | Train Acc: 97.86%
Val Loss:   0.5148 | Val Acc:   0.88%

============================================================
Epoch [27/50]
============================================================
Train Loss: 0.0530 | Train Acc: 98.32%
Val Loss:   0.5314 | Val Acc:   0.87%

============================================================
Epoch [28/50]
============================================================
Train Loss: 0.0449 | Train Acc: 98.59%
Val Loss:   0.5246 | Val Acc:   0.88%
✅ Best model saved! Val Acc: 0.88%

============================================================
Epoch [29/50]
============================================================
Train Loss: 0.0426 | Train Acc: 98.73%
Val Loss:   0.5294 | Val Acc:   0.88%

============================================================
Epoch [30/50]
============================================================
Train Loss: 0.0405 | Train Acc: 98.80%
Val Loss:   0.5342 | Val Acc:   0.88%

============================================================
Epoch [31/50]
============================================================
Train Loss: 0.0360 | Train Acc: 98.84%
Val Loss:   0.5242 | Val Acc:   0.88%

============================================================
Epoch [32/50]
============================================================
Train Loss: 0.0321 | Train Acc: 99.06%
Val Loss:   0.5370 | Val Acc:   0.88%

============================================================
Epoch [33/50]
============================================================
Train Loss: 0.0336 | Train Acc: 98.97%
Val Loss:   0.5500 | Val Acc:   0.88%

============================================================
Epoch [34/50]
============================================================
Train Loss: 0.0284 | Train Acc: 99.18%
Val Loss:   0.5292 | Val Acc:   0.88%

============================================================
Epoch [35/50]
============================================================
Train Loss: 0.0288 | Train Acc: 99.12%
Val Loss:   0.5281 | Val Acc:   0.88%
✅ Best model saved! Val Acc: 0.88%

============================================================
Epoch [36/50]
============================================================
Train Loss: 0.0226 | Train Acc: 99.37%
Val Loss:   0.5390 | Val Acc:   0.88%

============================================================
Epoch [37/50]
============================================================
Train Loss: 0.0222 | Train Acc: 99.36%
Val Loss:   0.5384 | Val Acc:   0.88%

============================================================
Epoch [38/50]
============================================================
Train Loss: 0.0209 | Train Acc: 99.46%
Val Loss:   0.5345 | Val Acc:   0.88%

============================================================
Epoch [39/50]
============================================================
Train Loss: 0.0201 | Train Acc: 99.44%
Val Loss:   0.5401 | Val Acc:   0.89%
✅ Best model saved! Val Acc: 0.89%

============================================================
Epoch [40/50]
============================================================
Train Loss: 0.0169 | Train Acc: 99.47%
Val Loss:   0.5436 | Val Acc:   0.89%

============================================================
Epoch [41/50]
============================================================
Train Loss: 0.0176 | Train Acc: 99.50%
Val Loss:   0.5416 | Val Acc:   0.88%

============================================================
Epoch [42/50]
============================================================
Train Loss: 0.0152 | Train Acc: 99.58%
Val Loss:   0.5269 | Val Acc:   0.89%
✅ Best model saved! Val Acc: 0.89%

============================================================
Epoch [43/50]
============================================================
Train Loss: 0.0133 | Train Acc: 99.65%
Val Loss:   0.5342 | Val Acc:   0.89%
✅ Best model saved! Val Acc: 0.89%

============================================================
Epoch [44/50]
============================================================
Train Loss: 0.0151 | Train Acc: 99.60%
Val Loss:   0.5260 | Val Acc:   0.89%
✅ Best model saved! Val Acc: 0.89%

============================================================
Epoch [45/50]
============================================================
Train Loss: 0.0132 | Train Acc: 99.60%
Val Loss:   0.5268 | Val Acc:   0.89%

============================================================
Epoch [46/50]
============================================================
Train Loss: 0.0143 | Train Acc: 99.63%
Val Loss:   0.5251 | Val Acc:   0.89%
✅ Best model saved! Val Acc: 0.89%

============================================================
Epoch [47/50]
============================================================
Train Loss: 0.0134 | Train Acc: 99.64%
Val Loss:   0.5217 | Val Acc:   0.89%

============================================================
Epoch [48/50]
============================================================
Train Loss: 0.0122 | Train Acc: 99.68%
Val Loss:   0.5222 | Val Acc:   0.89%

============================================================
Epoch [49/50]
============================================================
Train Loss: 0.0125 | Train Acc: 99.65%
Val Loss:   0.5243 | Val Acc:   0.89%

============================================================
Epoch [50/50]
============================================================
Train Loss: 0.0115 | Train Acc: 99.70%
Val Loss:   0.5244 | Val Acc:   0.89%

============================================================
🎉 Training completed! Best Val Acc: 0.89%
============================================================
